[0m18:13:53.627574 [debug] [MainThread]: Sending event: {'category': 'dbt', 'action': 'invocation', 'label': 'start', 'context': [<snowplow_tracker.self_describing_json.SelfDescribingJson object at 0x1166c3cd0>, <snowplow_tracker.self_describing_json.SelfDescribingJson object at 0x116711010>, <snowplow_tracker.self_describing_json.SelfDescribingJson object at 0x116711610>]}


============================== 18:13:53.632008 | 0ca679d8-7241-43a4-97ab-54695dcbfe18 ==============================
[0m18:13:53.632008 [info ] [MainThread]: Running with dbt=1.8.1
[0m18:13:53.632385 [debug] [MainThread]: running dbt with arguments {'printer_width': '80', 'indirect_selection': 'eager', 'write_json': 'True', 'log_cache_events': 'False', 'partial_parse': 'True', 'cache_selected_only': 'False', 'profiles_dir': '/Users/minhtuyen02/.dbt', 'version_check': 'True', 'debug': 'False', 'log_path': 'logs', 'fail_fast': 'False', 'warn_error': 'None', 'use_colors': 'True', 'use_experimental_parser': 'False', 'no_print': 'None', 'quiet': 'False', 'log_format': 'default', 'static_parser': 'True', 'introspect': 'True', 'invocation_command': 'dbt init', 'target_path': 'None', 'warn_error_options': 'WarnErrorOptions(include=[], exclude=[])', 'send_anonymous_usage_stats': 'True'}
[0m18:13:59.364406 [debug] [MainThread]: Starter project path: /Users/minhtuyen02/.pyenv/versions/3.11.2/lib/python3.11/site-packages/dbt/include/starter_project
[0m18:13:59.371269 [info ] [MainThread]: 
Your new dbt project "gold" was created!

For more information on how to configure the profiles.yml file,
please consult the dbt documentation here:

  https://docs.getdbt.com/docs/configure-your-profile

One more thing:

Need help? Don't hesitate to reach out to us via GitHub issues or on Slack:

  https://community.getdbt.com/

Happy modeling!

[0m18:13:59.371514 [info ] [MainThread]: Setting up your profile.
[0m18:14:01.458391 [debug] [MainThread]: Resource report: {"command_name": "init", "command_success": true, "command_wall_clock_time": 7.8678904, "process_user_time": 0.683054, "process_kernel_time": 0.146095, "process_mem_max_rss": "103038976", "process_in_blocks": "0", "process_out_blocks": "0"}
[0m18:14:01.458758 [debug] [MainThread]: Command `dbt init` succeeded at 18:14:01.458684 after 7.87 seconds
[0m18:14:01.458953 [debug] [MainThread]: Sending event: {'category': 'dbt', 'action': 'invocation', 'label': 'end', 'context': [<snowplow_tracker.self_describing_json.SelfDescribingJson object at 0x104ffa210>, <snowplow_tracker.self_describing_json.SelfDescribingJson object at 0x116354350>, <snowplow_tracker.self_describing_json.SelfDescribingJson object at 0x116354890>]}
[0m18:14:01.459141 [debug] [MainThread]: Flushing usage events
[0m18:14:23.794845 [debug] [MainThread]: Sending event: {'category': 'dbt', 'action': 'invocation', 'label': 'start', 'context': [<snowplow_tracker.self_describing_json.SelfDescribingJson object at 0x107ec9190>, <snowplow_tracker.self_describing_json.SelfDescribingJson object at 0x107eeb210>, <snowplow_tracker.self_describing_json.SelfDescribingJson object at 0x107f11d10>]}


============================== 18:14:23.798245 | 7157e9c4-33be-4a35-aca4-4e6213bbb894 ==============================
[0m18:14:23.798245 [info ] [MainThread]: Running with dbt=1.8.1
[0m18:14:23.798577 [debug] [MainThread]: running dbt with arguments {'printer_width': '80', 'indirect_selection': 'eager', 'write_json': 'True', 'log_cache_events': 'False', 'partial_parse': 'True', 'cache_selected_only': 'False', 'warn_error': 'None', 'version_check': 'True', 'debug': 'False', 'log_path': 'logs', 'fail_fast': 'False', 'profiles_dir': '/Users/minhtuyen02/.dbt', 'use_colors': 'True', 'use_experimental_parser': 'False', 'no_print': 'None', 'quiet': 'False', 'log_format': 'default', 'static_parser': 'True', 'invocation_command': 'dbt init', 'introspect': 'True', 'target_path': 'None', 'warn_error_options': 'WarnErrorOptions(include=[], exclude=[])', 'send_anonymous_usage_stats': 'True'}
[0m18:14:28.593582 [debug] [MainThread]: Starter project path: /Users/minhtuyen02/.pyenv/versions/3.11.2/lib/python3.11/site-packages/dbt/include/starter_project
[0m18:14:28.601430 [info ] [MainThread]: 
Your new dbt project "silver" was created!

For more information on how to configure the profiles.yml file,
please consult the dbt documentation here:

  https://docs.getdbt.com/docs/configure-your-profile

One more thing:

Need help? Don't hesitate to reach out to us via GitHub issues or on Slack:

  https://community.getdbt.com/

Happy modeling!

[0m18:14:28.601708 [info ] [MainThread]: Setting up your profile.
[0m18:14:30.825568 [debug] [MainThread]: Resource report: {"command_name": "init", "command_success": true, "command_wall_clock_time": 7.0629606, "process_user_time": 0.662085, "process_kernel_time": 0.133519, "process_mem_max_rss": "104677376", "process_in_blocks": "0", "process_out_blocks": "0"}
[0m18:14:30.826000 [debug] [MainThread]: Command `dbt init` succeeded at 18:14:30.825917 after 7.06 seconds
[0m18:14:30.826227 [debug] [MainThread]: Sending event: {'category': 'dbt', 'action': 'invocation', 'label': 'end', 'context': [<snowplow_tracker.self_describing_json.SelfDescribingJson object at 0x107f11c10>, <snowplow_tracker.self_describing_json.SelfDescribingJson object at 0x107eb8350>, <snowplow_tracker.self_describing_json.SelfDescribingJson object at 0x107b54590>]}
[0m18:14:30.826429 [debug] [MainThread]: Flushing usage events
